[WARN] 2020-08-07 23:12:48,938 pl.venustus.OracleDataModify.Service.OracleServices makeLogger - SELECT * FROM ALL_TABLES WHERE OWNER LIKE '%TOMEK%'
[WARN] 2020-08-07 23:12:48,998 pl.venustus.OracleDataModify.Service.OracleServices makeLogger - NAZWISKA
[WARN] 2020-08-07 23:12:48,998 pl.venustus.OracleDataModify.Service.OracleServices makeLogger - NAZWISKA
[WARN] 2020-08-07 23:12:49,000 pl.venustus.OracleDataModify.Service.OracleServices makeLogger - PASSWORDS
[WARN] 2020-08-07 23:12:49,000 pl.venustus.OracleDataModify.Service.OracleServices makeLogger - PASSWORDS
[WARN] 2020-08-07 23:12:49,000 pl.venustus.OracleDataModify.Service.OracleServices makeLogger - PASSWORDS
[WARN] 2020-08-07 23:12:49,001 pl.venustus.OracleDataModify.Service.OracleServices makeLogger - NLS_COPY
[WARN] 2020-08-07 23:12:49,001 pl.venustus.OracleDataModify.Service.OracleServices makeLogger - NLS_COPY
[WARN] 2020-08-07 23:12:49,001 pl.venustus.OracleDataModify.Service.OracleServices makeLogger - NLS_COPY
[WARN] 2020-08-07 23:12:49,001 pl.venustus.OracleDataModify.Service.OracleServices makeLogger - NLS_COPY
[WARN] 2020-08-07 23:12:49,002 pl.venustus.OracleDataModify.Service.OracleServices makeLogger - ZESPOLY
[WARN] 2020-08-07 23:12:49,002 pl.venustus.OracleDataModify.Service.OracleServices makeLogger - ZESPOLY
[WARN] 2020-08-07 23:12:49,002 pl.venustus.OracleDataModify.Service.OracleServices makeLogger - ZESPOLY
[WARN] 2020-08-07 23:12:49,002 pl.venustus.OracleDataModify.Service.OracleServices makeLogger - ZESPOLY
[WARN] 2020-08-07 23:12:49,002 pl.venustus.OracleDataModify.Service.OracleServices makeLogger - ZESPOLY
[WARN] 2020-08-07 23:12:49,004 pl.venustus.OracleDataModify.Service.OracleServices makeLogger - ETATY
[WARN] 2020-08-07 23:12:49,004 pl.venustus.OracleDataModify.Service.OracleServices makeLogger - ETATY
[WARN] 2020-08-07 23:12:49,004 pl.venustus.OracleDataModify.Service.OracleServices makeLogger - ETATY
[WARN] 2020-08-07 23:12:49,004 pl.venustus.OracleDataModify.Service.OracleServices makeLogger - ETATY
[WARN] 2020-08-07 23:12:49,004 pl.venustus.OracleDataModify.Service.OracleServices makeLogger - ETATY
[WARN] 2020-08-07 23:12:49,004 pl.venustus.OracleDataModify.Service.OracleServices makeLogger - ETATY
[WARN] 2020-08-07 23:12:49,005 pl.venustus.OracleDataModify.Service.OracleServices makeLogger - PRACOWNICY
[WARN] 2020-08-07 23:12:49,005 pl.venustus.OracleDataModify.Service.OracleServices makeLogger - PRACOWNICY
[WARN] 2020-08-07 23:12:49,005 pl.venustus.OracleDataModify.Service.OracleServices makeLogger - PRACOWNICY
[WARN] 2020-08-07 23:12:49,005 pl.venustus.OracleDataModify.Service.OracleServices makeLogger - PRACOWNICY
[WARN] 2020-08-07 23:12:49,005 pl.venustus.OracleDataModify.Service.OracleServices makeLogger - PRACOWNICY
[WARN] 2020-08-07 23:12:49,005 pl.venustus.OracleDataModify.Service.OracleServices makeLogger - PRACOWNICY
[WARN] 2020-08-07 23:12:49,005 pl.venustus.OracleDataModify.Service.OracleServices makeLogger - PRACOWNICY
[WARN] 2020-08-07 23:13:07,881 pl.venustus.OracleDataModify.Service.OracleServices makeLogger - SELECT COLUMN_NAME FROM ALL_TAB_COLS WHERE TABLE_NAME LIKE '%NAZWISKA%' AND OWNER LIKE '%TOMEK%'
[WARN] 2020-08-07 23:13:07,881 pl.venustus.OracleDataModify.Service.OracleServices makeLogger - SELECT COLUMN_NAME FROM ALL_TAB_COLS WHERE TABLE_NAME LIKE '%NAZWISKA%' AND OWNER LIKE '%TOMEK%'
[WARN] 2020-08-07 23:13:07,881 pl.venustus.OracleDataModify.Service.OracleServices makeLogger - SELECT COLUMN_NAME FROM ALL_TAB_COLS WHERE TABLE_NAME LIKE '%NAZWISKA%' AND OWNER LIKE '%TOMEK%'
[WARN] 2020-08-07 23:13:07,881 pl.venustus.OracleDataModify.Service.OracleServices makeLogger - SELECT COLUMN_NAME FROM ALL_TAB_COLS WHERE TABLE_NAME LIKE '%NAZWISKA%' AND OWNER LIKE '%TOMEK%'
[WARN] 2020-08-07 23:13:07,881 pl.venustus.OracleDataModify.Service.OracleServices makeLogger - SELECT COLUMN_NAME FROM ALL_TAB_COLS WHERE TABLE_NAME LIKE '%NAZWISKA%' AND OWNER LIKE '%TOMEK%'
[WARN] 2020-08-07 23:13:07,881 pl.venustus.OracleDataModify.Service.OracleServices makeLogger - SELECT COLUMN_NAME FROM ALL_TAB_COLS WHERE TABLE_NAME LIKE '%NAZWISKA%' AND OWNER LIKE '%TOMEK%'
[WARN] 2020-08-07 23:13:07,881 pl.venustus.OracleDataModify.Service.OracleServices makeLogger - SELECT COLUMN_NAME FROM ALL_TAB_COLS WHERE TABLE_NAME LIKE '%NAZWISKA%' AND OWNER LIKE '%TOMEK%'
[WARN] 2020-08-07 23:13:07,881 pl.venustus.OracleDataModify.Service.OracleServices makeLogger - SELECT COLUMN_NAME FROM ALL_TAB_COLS WHERE TABLE_NAME LIKE '%NAZWISKA%' AND OWNER LIKE '%TOMEK%'
[WARN] 2020-08-07 23:13:07,916 pl.venustus.OracleDataModify.Service.OracleServices makeLogger - NAZWISKO
[WARN] 2020-08-07 23:13:07,916 pl.venustus.OracleDataModify.Service.OracleServices makeLogger - NAZWISKO
[WARN] 2020-08-07 23:13:07,916 pl.venustus.OracleDataModify.Service.OracleServices makeLogger - NAZWISKO
[WARN] 2020-08-07 23:13:07,916 pl.venustus.OracleDataModify.Service.OracleServices makeLogger - NAZWISKO
[WARN] 2020-08-07 23:13:07,916 pl.venustus.OracleDataModify.Service.OracleServices makeLogger - NAZWISKO
[WARN] 2020-08-07 23:13:07,916 pl.venustus.OracleDataModify.Service.OracleServices makeLogger - NAZWISKO
[WARN] 2020-08-07 23:13:07,916 pl.venustus.OracleDataModify.Service.OracleServices makeLogger - NAZWISKO
[WARN] 2020-08-07 23:13:07,916 pl.venustus.OracleDataModify.Service.OracleServices makeLogger - NAZWISKO
[WARN] 2020-08-07 23:13:07,916 pl.venustus.OracleDataModify.Service.OracleServices makeLogger - NAZWISKO
[WARN] 2020-08-07 23:13:18,913 pl.venustus.OracleDataModify.Service.OracleServices makeLogger - SELECT * FROM NAZWISKA WHERE NAZWISKO LIKE '%A%'
[WARN] 2020-08-07 23:13:18,913 pl.venustus.OracleDataModify.Service.OracleServices makeLogger - SELECT * FROM NAZWISKA WHERE NAZWISKO LIKE '%A%'
[WARN] 2020-08-07 23:13:18,913 pl.venustus.OracleDataModify.Service.OracleServices makeLogger - SELECT * FROM NAZWISKA WHERE NAZWISKO LIKE '%A%'
[WARN] 2020-08-07 23:13:18,913 pl.venustus.OracleDataModify.Service.OracleServices makeLogger - SELECT * FROM NAZWISKA WHERE NAZWISKO LIKE '%A%'
[WARN] 2020-08-07 23:13:18,913 pl.venustus.OracleDataModify.Service.OracleServices makeLogger - SELECT * FROM NAZWISKA WHERE NAZWISKO LIKE '%A%'
[WARN] 2020-08-07 23:13:18,913 pl.venustus.OracleDataModify.Service.OracleServices makeLogger - SELECT * FROM NAZWISKA WHERE NAZWISKO LIKE '%A%'
[WARN] 2020-08-07 23:13:18,913 pl.venustus.OracleDataModify.Service.OracleServices makeLogger - SELECT * FROM NAZWISKA WHERE NAZWISKO LIKE '%A%'
[WARN] 2020-08-07 23:13:18,913 pl.venustus.OracleDataModify.Service.OracleServices makeLogger - SELECT * FROM NAZWISKA WHERE NAZWISKO LIKE '%A%'
[WARN] 2020-08-07 23:13:18,913 pl.venustus.OracleDataModify.Service.OracleServices makeLogger - SELECT * FROM NAZWISKA WHERE NAZWISKO LIKE '%A%'
[WARN] 2020-08-07 23:13:18,913 pl.venustus.OracleDataModify.Service.OracleServices makeLogger - SELECT * FROM NAZWISKA WHERE NAZWISKO LIKE '%A%'
[WARN] 2020-08-07 23:13:18,949 pl.venustus.OracleDataModify.Service.OracleServices makeLogger - CZARNY
[WARN] 2020-08-07 23:13:18,949 pl.venustus.OracleDataModify.Service.OracleServices makeLogger - CZARNY
[WARN] 2020-08-07 23:13:18,949 pl.venustus.OracleDataModify.Service.OracleServices makeLogger - CZARNY
[WARN] 2020-08-07 23:13:18,949 pl.venustus.OracleDataModify.Service.OracleServices makeLogger - CZARNY
[WARN] 2020-08-07 23:13:18,949 pl.venustus.OracleDataModify.Service.OracleServices makeLogger - CZARNY
[WARN] 2020-08-07 23:13:18,949 pl.venustus.OracleDataModify.Service.OracleServices makeLogger - CZARNY
[WARN] 2020-08-07 23:13:18,949 pl.venustus.OracleDataModify.Service.OracleServices makeLogger - CZARNY
[WARN] 2020-08-07 23:13:18,949 pl.venustus.OracleDataModify.Service.OracleServices makeLogger - CZARNY
[WARN] 2020-08-07 23:13:18,949 pl.venustus.OracleDataModify.Service.OracleServices makeLogger - CZARNY
[WARN] 2020-08-07 23:13:18,949 pl.venustus.OracleDataModify.Service.OracleServices makeLogger - CZARNY
[WARN] 2020-08-07 23:13:18,949 pl.venustus.OracleDataModify.Service.OracleServices makeLogger - CZARNY
[WARN] 2020-08-07 23:13:18,950 pl.venustus.OracleDataModify.Service.OracleServices makeLogger - KACZKA
[WARN] 2020-08-07 23:13:18,950 pl.venustus.OracleDataModify.Service.OracleServices makeLogger - KACZKA
[WARN] 2020-08-07 23:13:18,950 pl.venustus.OracleDataModify.Service.OracleServices makeLogger - KACZKA
[WARN] 2020-08-07 23:13:18,950 pl.venustus.OracleDataModify.Service.OracleServices makeLogger - KACZKA
[WARN] 2020-08-07 23:13:18,950 pl.venustus.OracleDataModify.Service.OracleServices makeLogger - KACZKA
[WARN] 2020-08-07 23:13:18,950 pl.venustus.OracleDataModify.Service.OracleServices makeLogger - KACZKA
[WARN] 2020-08-07 23:13:18,950 pl.venustus.OracleDataModify.Service.OracleServices makeLogger - KACZKA
[WARN] 2020-08-07 23:13:18,950 pl.venustus.OracleDataModify.Service.OracleServices makeLogger - KACZKA
[WARN] 2020-08-07 23:13:18,950 pl.venustus.OracleDataModify.Service.OracleServices makeLogger - KACZKA
[WARN] 2020-08-07 23:13:18,950 pl.venustus.OracleDataModify.Service.OracleServices makeLogger - KACZKA
[WARN] 2020-08-07 23:13:18,950 pl.venustus.OracleDataModify.Service.OracleServices makeLogger - KACZKA
[WARN] 2020-08-07 23:13:18,950 pl.venustus.OracleDataModify.Service.OracleServices makeLogger - KACZKA
[WARN] 2020-08-07 23:13:18,950 pl.venustus.OracleDataModify.Service.OracleServices makeLogger - ADIUNKT
[WARN] 2020-08-07 23:13:18,950 pl.venustus.OracleDataModify.Service.OracleServices makeLogger - ADIUNKT
[WARN] 2020-08-07 23:13:18,950 pl.venustus.OracleDataModify.Service.OracleServices makeLogger - ADIUNKT
[WARN] 2020-08-07 23:13:18,950 pl.venustus.OracleDataModify.Service.OracleServices makeLogger - ADIUNKT
[WARN] 2020-08-07 23:13:18,950 pl.venustus.OracleDataModify.Service.OracleServices makeLogger - ADIUNKT
[WARN] 2020-08-07 23:13:18,950 pl.venustus.OracleDataModify.Service.OracleServices makeLogger - ADIUNKT
[WARN] 2020-08-07 23:13:18,950 pl.venustus.OracleDataModify.Service.OracleServices makeLogger - ADIUNKT
[WARN] 2020-08-07 23:13:18,950 pl.venustus.OracleDataModify.Service.OracleServices makeLogger - ADIUNKT
[WARN] 2020-08-07 23:13:18,950 pl.venustus.OracleDataModify.Service.OracleServices makeLogger - ADIUNKT
[WARN] 2020-08-07 23:13:18,950 pl.venustus.OracleDataModify.Service.OracleServices makeLogger - ADIUNKT
[WARN] 2020-08-07 23:13:18,950 pl.venustus.OracleDataModify.Service.OracleServices makeLogger - ADIUNKT
[WARN] 2020-08-07 23:13:18,950 pl.venustus.OracleDataModify.Service.OracleServices makeLogger - ADIUNKT
[WARN] 2020-08-07 23:13:18,950 pl.venustus.OracleDataModify.Service.OracleServices makeLogger - ADIUNKT
[WARN] 2020-08-07 23:13:18,951 pl.venustus.OracleDataModify.Service.OracleServices makeLogger - ADIUNKT
[WARN] 2020-08-07 23:13:18,951 pl.venustus.OracleDataModify.Service.OracleServices makeLogger - ADIUNKT
[WARN] 2020-08-07 23:13:18,951 pl.venustus.OracleDataModify.Service.OracleServices makeLogger - ADIUNKT
[WARN] 2020-08-07 23:13:18,951 pl.venustus.OracleDataModify.Service.OracleServices makeLogger - ADIUNKT
[WARN] 2020-08-07 23:13:18,951 pl.venustus.OracleDataModify.Service.OracleServices makeLogger - ADIUNKT
[WARN] 2020-08-07 23:13:18,951 pl.venustus.OracleDataModify.Service.OracleServices makeLogger - ADIUNKT
[WARN] 2020-08-07 23:13:18,951 pl.venustus.OracleDataModify.Service.OracleServices makeLogger - ADIUNKT
[WARN] 2020-08-07 23:13:18,951 pl.venustus.OracleDataModify.Service.OracleServices makeLogger - ADIUNKT
[WARN] 2020-08-07 23:13:18,951 pl.venustus.OracleDataModify.Service.OracleServices makeLogger - ADIUNKT
[WARN] 2020-08-07 23:13:18,951 pl.venustus.OracleDataModify.Service.OracleServices makeLogger - ADIUNKT
[WARN] 2020-08-07 23:13:18,951 pl.venustus.OracleDataModify.Service.OracleServices makeLogger - ADIUNKT
[WARN] 2020-08-07 23:13:18,951 pl.venustus.OracleDataModify.Service.OracleServices makeLogger - ADIUNKT
[WARN] 2020-08-07 23:13:18,951 pl.venustus.OracleDataModify.Service.OracleServices makeLogger - ADIUNKT
[WARN] 2020-08-07 23:13:18,951 pl.venustus.OracleDataModify.Service.OracleServices makeLogger - ADIUNKT
[WARN] 2020-08-07 23:13:18,952 pl.venustus.OracleDataModify.Service.OracleServices makeLogger - ASYSTENT
[WARN] 2020-08-07 23:13:18,952 pl.venustus.OracleDataModify.Service.OracleServices makeLogger - ASYSTENT
[WARN] 2020-08-07 23:13:18,952 pl.venustus.OracleDataModify.Service.OracleServices makeLogger - ASYSTENT
[WARN] 2020-08-07 23:13:18,952 pl.venustus.OracleDataModify.Service.OracleServices makeLogger - ASYSTENT
[WARN] 2020-08-07 23:13:18,952 pl.venustus.OracleDataModify.Service.OracleServices makeLogger - ASYSTENT
[WARN] 2020-08-07 23:13:18,952 pl.venustus.OracleDataModify.Service.OracleServices makeLogger - ASYSTENT
[WARN] 2020-08-07 23:13:18,952 pl.venustus.OracleDataModify.Service.OracleServices makeLogger - ASYSTENT
[WARN] 2020-08-07 23:13:18,952 pl.venustus.OracleDataModify.Service.OracleServices makeLogger - ASYSTENT
[WARN] 2020-08-07 23:13:18,952 pl.venustus.OracleDataModify.Service.OracleServices makeLogger - ASYSTENT
[WARN] 2020-08-07 23:13:18,952 pl.venustus.OracleDataModify.Service.OracleServices makeLogger - ASYSTENT
[WARN] 2020-08-07 23:13:18,952 pl.venustus.OracleDataModify.Service.OracleServices makeLogger - ASYSTENT
[WARN] 2020-08-07 23:13:18,952 pl.venustus.OracleDataModify.Service.OracleServices makeLogger - ASYSTENT
[WARN] 2020-08-07 23:13:18,952 pl.venustus.OracleDataModify.Service.OracleServices makeLogger - ASYSTENT
[WARN] 2020-08-07 23:13:18,952 pl.venustus.OracleDataModify.Service.OracleServices makeLogger - ASYSTENT
[WARN] 2020-08-07 23:13:18,952 pl.venustus.OracleDataModify.Service.OracleServices makeLogger - ASYSTENT
[WARN] 2020-08-07 23:13:18,953 pl.venustus.OracleDataModify.Service.OracleServices makeLogger - ASYSTENT
[WARN] 2020-08-07 23:13:18,953 pl.venustus.OracleDataModify.Service.OracleServices makeLogger - ASYSTENT
[WARN] 2020-08-07 23:13:18,953 pl.venustus.OracleDataModify.Service.OracleServices makeLogger - ASYSTENT
[WARN] 2020-08-07 23:13:18,953 pl.venustus.OracleDataModify.Service.OracleServices makeLogger - ASYSTENT
[WARN] 2020-08-07 23:13:18,953 pl.venustus.OracleDataModify.Service.OracleServices makeLogger - ASYSTENT
[WARN] 2020-08-07 23:13:18,953 pl.venustus.OracleDataModify.Service.OracleServices makeLogger - ASYSTENT
[WARN] 2020-08-07 23:13:18,953 pl.venustus.OracleDataModify.Service.OracleServices makeLogger - ASYSTENT
[WARN] 2020-08-07 23:13:18,953 pl.venustus.OracleDataModify.Service.OracleServices makeLogger - ASYSTENT
[WARN] 2020-08-07 23:13:18,953 pl.venustus.OracleDataModify.Service.OracleServices makeLogger - ASYSTENT
[WARN] 2020-08-07 23:13:18,953 pl.venustus.OracleDataModify.Service.OracleServices makeLogger - ASYSTENT
[WARN] 2020-08-07 23:13:18,953 pl.venustus.OracleDataModify.Service.OracleServices makeLogger - ASYSTENT
[WARN] 2020-08-07 23:13:18,953 pl.venustus.OracleDataModify.Service.OracleServices makeLogger - ASYSTENT
[WARN] 2020-08-07 23:13:18,953 pl.venustus.OracleDataModify.Service.OracleServices makeLogger - ASYSTENT
[WARN] 2020-08-07 23:13:18,953 pl.venustus.OracleDataModify.Service.OracleServices makeLogger - ASYSTENT
[WARN] 2020-08-07 23:13:18,953 pl.venustus.OracleDataModify.Service.OracleServices makeLogger - ASYSTENT
[WARN] 2020-08-07 23:13:18,953 pl.venustus.OracleDataModify.Service.OracleServices makeLogger - ASYSTENT
[WARN] 2020-08-07 23:13:18,954 pl.venustus.OracleDataModify.Service.OracleServices makeLogger - SEKRETARKA
[WARN] 2020-08-07 23:13:18,954 pl.venustus.OracleDataModify.Service.OracleServices makeLogger - SEKRETARKA
[WARN] 2020-08-07 23:13:18,954 pl.venustus.OracleDataModify.Service.OracleServices makeLogger - SEKRETARKA
[WARN] 2020-08-07 23:13:18,954 pl.venustus.OracleDataModify.Service.OracleServices makeLogger - SEKRETARKA
[WARN] 2020-08-07 23:13:18,954 pl.venustus.OracleDataModify.Service.OracleServices makeLogger - SEKRETARKA
[WARN] 2020-08-07 23:13:18,954 pl.venustus.OracleDataModify.Service.OracleServices makeLogger - SEKRETARKA
[WARN] 2020-08-07 23:13:18,954 pl.venustus.OracleDataModify.Service.OracleServices makeLogger - SEKRETARKA
[WARN] 2020-08-07 23:13:18,954 pl.venustus.OracleDataModify.Service.OracleServices makeLogger - SEKRETARKA
[WARN] 2020-08-07 23:13:18,954 pl.venustus.OracleDataModify.Service.OracleServices makeLogger - SEKRETARKA
[WARN] 2020-08-07 23:13:18,954 pl.venustus.OracleDataModify.Service.OracleServices makeLogger - SEKRETARKA
[WARN] 2020-08-07 23:13:18,954 pl.venustus.OracleDataModify.Service.OracleServices makeLogger - SEKRETARKA
[WARN] 2020-08-07 23:13:18,954 pl.venustus.OracleDataModify.Service.OracleServices makeLogger - SEKRETARKA
[WARN] 2020-08-07 23:13:18,954 pl.venustus.OracleDataModify.Service.OracleServices makeLogger - SEKRETARKA
[WARN] 2020-08-07 23:13:18,954 pl.venustus.OracleDataModify.Service.OracleServices makeLogger - SEKRETARKA
[WARN] 2020-08-07 23:13:18,954 pl.venustus.OracleDataModify.Service.OracleServices makeLogger - SEKRETARKA
[WARN] 2020-08-07 23:13:18,954 pl.venustus.OracleDataModify.Service.OracleServices makeLogger - SEKRETARKA
[WARN] 2020-08-07 23:13:18,954 pl.venustus.OracleDataModify.Service.OracleServices makeLogger - SEKRETARKA
[WARN] 2020-08-07 23:13:18,955 pl.venustus.OracleDataModify.Service.OracleServices makeLogger - STAZYSTA
[WARN] 2020-08-07 23:13:18,955 pl.venustus.OracleDataModify.Service.OracleServices makeLogger - STAZYSTA
[WARN] 2020-08-07 23:13:18,955 pl.venustus.OracleDataModify.Service.OracleServices makeLogger - STAZYSTA
[WARN] 2020-08-07 23:13:18,955 pl.venustus.OracleDataModify.Service.OracleServices makeLogger - STAZYSTA
[WARN] 2020-08-07 23:13:18,955 pl.venustus.OracleDataModify.Service.OracleServices makeLogger - STAZYSTA
[WARN] 2020-08-07 23:13:18,955 pl.venustus.OracleDataModify.Service.OracleServices makeLogger - STAZYSTA
[WARN] 2020-08-07 23:13:18,955 pl.venustus.OracleDataModify.Service.OracleServices makeLogger - STAZYSTA
[WARN] 2020-08-07 23:13:18,955 pl.venustus.OracleDataModify.Service.OracleServices makeLogger - STAZYSTA
[WARN] 2020-08-07 23:13:18,955 pl.venustus.OracleDataModify.Service.OracleServices makeLogger - STAZYSTA
[WARN] 2020-08-07 23:13:18,955 pl.venustus.OracleDataModify.Service.OracleServices makeLogger - STAZYSTA
[WARN] 2020-08-07 23:13:18,955 pl.venustus.OracleDataModify.Service.OracleServices makeLogger - STAZYSTA
[WARN] 2020-08-07 23:13:18,955 pl.venustus.OracleDataModify.Service.OracleServices makeLogger - STAZYSTA
[WARN] 2020-08-07 23:13:18,955 pl.venustus.OracleDataModify.Service.OracleServices makeLogger - STAZYSTA
[WARN] 2020-08-07 23:13:18,955 pl.venustus.OracleDataModify.Service.OracleServices makeLogger - STAZYSTA
[WARN] 2020-08-07 23:13:18,955 pl.venustus.OracleDataModify.Service.OracleServices makeLogger - STAZYSTA
[WARN] 2020-08-07 23:13:18,955 pl.venustus.OracleDataModify.Service.OracleServices makeLogger - STAZYSTA
[WARN] 2020-08-07 23:13:18,955 pl.venustus.OracleDataModify.Service.OracleServices makeLogger - STAZYSTA
[WARN] 2020-08-07 23:13:18,955 pl.venustus.OracleDataModify.Service.OracleServices makeLogger - STAZYSTA
[WARN] 2020-08-07 23:13:18,956 pl.venustus.OracleDataModify.Service.OracleServices makeLogger - STAZYSTA
[WARN] 2020-08-07 23:13:18,956 pl.venustus.OracleDataModify.Service.OracleServices makeLogger - STAZYSTA
[WARN] 2020-08-07 23:13:18,956 pl.venustus.OracleDataModify.Service.OracleServices makeLogger - STAZYSTA
[WARN] 2020-08-07 23:13:18,956 pl.venustus.OracleDataModify.Service.OracleServices makeLogger - STAZYSTA
[WARN] 2020-08-07 23:13:18,956 pl.venustus.OracleDataModify.Service.OracleServices makeLogger - STAZYSTA
[WARN] 2020-08-07 23:13:18,956 pl.venustus.OracleDataModify.Service.OracleServices makeLogger - STAZYSTA
[WARN] 2020-08-07 23:13:18,956 pl.venustus.OracleDataModify.Service.OracleServices makeLogger - STAZYSTA
[WARN] 2020-08-07 23:13:18,956 pl.venustus.OracleDataModify.Service.OracleServices makeLogger - STAZYSTA
[WARN] 2020-08-07 23:13:18,956 pl.venustus.OracleDataModify.Service.OracleServices makeLogger - STAZYSTA
[WARN] 2020-08-07 23:13:18,956 pl.venustus.OracleDataModify.Service.OracleServices makeLogger - STAZYSTA
[WARN] 2020-08-07 23:13:18,956 pl.venustus.OracleDataModify.Service.OracleServices makeLogger - STAZYSTA
[WARN] 2020-08-07 23:13:18,956 pl.venustus.OracleDataModify.Service.OracleServices makeLogger - STAZYSTA
[WARN] 2020-08-07 23:13:18,956 pl.venustus.OracleDataModify.Service.OracleServices makeLogger - STAZYSTA
[WARN] 2020-08-07 23:13:18,956 pl.venustus.OracleDataModify.Service.OracleServices makeLogger - STAZYSTA
[WARN] 2020-08-07 23:13:18,956 pl.venustus.OracleDataModify.Service.OracleServices makeLogger - STAZYSTA
[WARN] 2020-08-07 23:13:18,956 pl.venustus.OracleDataModify.Service.OracleServices makeLogger - STAZYSTA
[WARN] 2020-08-07 23:13:18,956 pl.venustus.OracleDataModify.Service.OracleServices makeLogger - STAZYSTA
[WARN] 2020-08-07 23:13:18,956 pl.venustus.OracleDataModify.Service.OracleServices makeLogger - STAZYSTA
[WARN] 2020-08-07 23:13:18,956 pl.venustus.OracleDataModify.Service.OracleServices makeLogger - STAZYSTA
[WARN] 2020-08-07 23:13:18,957 pl.venustus.OracleDataModify.Service.OracleServices makeLogger - ASYSTENT
[WARN] 2020-08-07 23:13:18,957 pl.venustus.OracleDataModify.Service.OracleServices makeLogger - ASYSTENT
[WARN] 2020-08-07 23:13:18,957 pl.venustus.OracleDataModify.Service.OracleServices makeLogger - ASYSTENT
[WARN] 2020-08-07 23:13:18,957 pl.venustus.OracleDataModify.Service.OracleServices makeLogger - ASYSTENT
[WARN] 2020-08-07 23:13:18,957 pl.venustus.OracleDataModify.Service.OracleServices makeLogger - ASYSTENT
[WARN] 2020-08-07 23:13:18,957 pl.venustus.OracleDataModify.Service.OracleServices makeLogger - ASYSTENT
[WARN] 2020-08-07 23:13:18,957 pl.venustus.OracleDataModify.Service.OracleServices makeLogger - ASYSTENT
[WARN] 2020-08-07 23:13:18,957 pl.venustus.OracleDataModify.Service.OracleServices makeLogger - ASYSTENT
[WARN] 2020-08-07 23:13:18,957 pl.venustus.OracleDataModify.Service.OracleServices makeLogger - ASYSTENT
[WARN] 2020-08-07 23:13:18,957 pl.venustus.OracleDataModify.Service.OracleServices makeLogger - ASYSTENT
[WARN] 2020-08-07 23:13:18,957 pl.venustus.OracleDataModify.Service.OracleServices makeLogger - ASYSTENT
[WARN] 2020-08-07 23:13:18,957 pl.venustus.OracleDataModify.Service.OracleServices makeLogger - ASYSTENT
[WARN] 2020-08-07 23:13:18,957 pl.venustus.OracleDataModify.Service.OracleServices makeLogger - ASYSTENT
[WARN] 2020-08-07 23:13:18,957 pl.venustus.OracleDataModify.Service.OracleServices makeLogger - ASYSTENT
[WARN] 2020-08-07 23:13:18,957 pl.venustus.OracleDataModify.Service.OracleServices makeLogger - ASYSTENT
[WARN] 2020-08-07 23:13:18,957 pl.venustus.OracleDataModify.Service.OracleServices makeLogger - ASYSTENT
[WARN] 2020-08-07 23:13:18,957 pl.venustus.OracleDataModify.Service.OracleServices makeLogger - ASYSTENT
[WARN] 2020-08-07 23:13:18,957 pl.venustus.OracleDataModify.Service.OracleServices makeLogger - ASYSTENT
[WARN] 2020-08-07 23:13:18,957 pl.venustus.OracleDataModify.Service.OracleServices makeLogger - ASYSTENT
[WARN] 2020-08-07 23:13:18,957 pl.venustus.OracleDataModify.Service.OracleServices makeLogger - ASYSTENT
